mode: set
RestApiChallange/functions/get/get.go:44.95,56.16 3 1
RestApiChallange/functions/get/get.go:60.2,62.16 3 1
RestApiChallange/functions/get/get.go:65.2,65.23 1 1
RestApiChallange/functions/get/get.go:68.2,68.18 1 1
RestApiChallange/functions/get/get.go:56.16,58.3 1 1
RestApiChallange/functions/get/get.go:62.16,64.3 1 0
RestApiChallange/functions/get/get.go:65.23,67.3 1 0
RestApiChallange/functions/get/get.go:71.89,78.2 5 1
RestApiChallange/functions/get/get.go:80.90,87.16 6 1
RestApiChallange/functions/get/get.go:91.2,91.43 1 1
RestApiChallange/functions/get/get.go:87.16,89.3 1 0
RestApiChallange/functions/get/get.go:94.13,100.16 4 1
RestApiChallange/functions/get/get.go:103.2,103.39 1 1
RestApiChallange/functions/get/get.go:100.16,102.3 1 0
RestApiChallange/functions/get/get.go:106.13,109.2 1 0
