mode: set
RestApiChallange/functions/post/post.go:45.3,48.61 2 1
RestApiChallange/functions/post/post.go:52.2,52.104 1 1
RestApiChallange/functions/post/post.go:57.2,59.16 2 1
RestApiChallange/functions/post/post.go:63.2,69.16 3 1
RestApiChallange/functions/post/post.go:72.2,72.16 1 1
RestApiChallange/functions/post/post.go:48.61,50.3 1 1
RestApiChallange/functions/post/post.go:52.104,55.3 1 1
RestApiChallange/functions/post/post.go:59.16,61.3 1 0
RestApiChallange/functions/post/post.go:69.16,71.3 1 0
RestApiChallange/functions/post/post.go:74.89,81.2 5 1
RestApiChallange/functions/post/post.go:85.90,88.16 2 1
RestApiChallange/functions/post/post.go:92.2,92.48 1 1
RestApiChallange/functions/post/post.go:88.16,90.3 1 0
RestApiChallange/functions/post/post.go:95.13,101.16 4 1
RestApiChallange/functions/post/post.go:104.2,104.39 1 1
RestApiChallange/functions/post/post.go:101.16,103.3 1 0
RestApiChallange/functions/post/post.go:107.13,109.2 1 0
